[
    {
      "Plan": {
        "Node Type": "Gather",
        "Parallel Aware": false,
        "Async Capable": false,
        "Startup Cost": 1049.82,
        "Total Cost": 273125543.56,
        "Plan Rows": 5386,
        "Plan Width": 8,
        "Actual Startup Time": 1008.375,
        "Actual Total Time": 243783.528,
        "Actual Rows": 108,
        "Actual Loops": 1,
        "Workers Planned": 2,
        "Workers Launched": 2,
        "Single Copy": false,
        "Plans": [
          {
            "Node Type": "Nested Loop",
            "Parent Relationship": "Outer",
            "Parallel Aware": false,
            "Async Capable": false,
            "Join Type": "Semi",
            "Startup Cost": 49.82,
            "Total Cost": 273124004.96,
            "Plan Rows": 2244,
            "Plan Width": 8,
            "Actual Startup Time": 19573.261,
            "Actual Total Time": 243762.553,
            "Actual Rows": 36,
            "Actual Loops": 3,
            "Inner Unique": false,
            "Workers": [
            ],
            "Plans": [
              {
                "Node Type": "Seq Scan",
                "Parent Relationship": "Outer",
                "Parallel Aware": true,
                "Async Capable": false,
                "Relation Name": "perceel_ext",
                "Alias": "perceel_ext",
                "Startup Cost": 0.00,
                "Total Cost": 572468.46,
                "Plan Rows": 3457546,
                "Plan Width": 298,
                "Actual Startup Time": 0.025,
                "Actual Total Time": 2153.840,
                "Actual Rows": 2759019,
                "Actual Loops": 3,
                "Workers": [
                ]
              },
              {
                "Node Type": "Bitmap Heap Scan",
                "Parent Relationship": "Inner",
                "Parallel Aware": false,
                "Async Capable": false,
                "Relation Name": "pand_ext",
                "Alias": "pand_ext",
                "Startup Cost": 49.82,
                "Total Cost": 78.84,
                "Plan Rows": 1,
                "Plan Width": 201,
                "Actual Startup Time": 0.086,
                "Actual Total Time": 0.086,
                "Actual Rows": 0,
                "Actual Loops": 8277056,
                "Recheck Cond": "((status)::text = 'Bouwvergunning verleend'::text)",
                "Rows Removed by Index Recheck": 0,
                "Filter": "st_intersects(perceel_ext.begrenzingperceel, geom)",
                "Rows Removed by Filter": 0,
                "Exact Heap Blocks": 166,
                "Lossy Heap Blocks": 0,
                "Workers": [
                ],
                "Plans": [
                  {
                    "Node Type": "BitmapAnd",
                    "Parent Relationship": "Outer",
                    "Parallel Aware": false,
                    "Async Capable": false,
                    "Startup Cost": 49.82,
                    "Total Cost": 49.82,
                    "Plan Rows": 1,
                    "Plan Width": 0,
                    "Actual Startup Time": 0.085,
                    "Actual Total Time": 0.085,
                    "Actual Rows": 0,
                    "Actual Loops": 8277056,
                    "Workers": [
                    ],
                    "Plans": [
                      {
                        "Node Type": "Bitmap Index Scan",
                        "Parent Relationship": "Member",
                        "Parallel Aware": false,
                        "Async Capable": false,
                        "Index Name": "pand_ext_geom_geom_idx",
                        "Startup Cost": 0.00,
                        "Total Cost": 11.99,
                        "Plan Rows": 1082,
                        "Plan Width": 0,
                        "Actual Startup Time": 0.074,
                        "Actual Total Time": 0.074,
                        "Actual Rows": 8,
                        "Actual Loops": 8277056,
                        "Index Cond": "(geom && perceel_ext.begrenzingperceel)",
                        "Workers": [
                        ]
                      },
                      {
                        "Node Type": "Bitmap Index Scan",
                        "Parent Relationship": "Member",
                        "Parallel Aware": false,
                        "Async Capable": false,
                        "Index Name": "pand_ext_status_varchar_idx",
                        "Startup Cost": 0.00,
                        "Total Cost": 36.77,
                        "Plan Rows": 3245,
                        "Plan Width": 0,
                        "Actual Startup Time": 0.010,
                        "Actual Total Time": 0.010,
                        "Actual Rows": 106,
                        "Actual Loops": 6958040,
                        "Index Cond": "((status)::text = 'Bouwvergunning verleend'::text)",
                        "Workers": [
                        ]
                      }
                    ]
                  }
                ]
              }
            ]
          }
        ]
      },
      "Planning Time": 2.360,
      "Triggers": [
      ],
      "Execution Time": 243783.613
    }
  ]