[
    {
      "Plan": {
        "Node Type": "Group",
        "Parallel Aware": false,
        "Async Capable": false,
        "Startup Cost": 30348724.76,
        "Total Cost": 32102584.26,
        "Plan Rows": 8298111,
        "Plan Width": 8,
        "Actual Startup Time": 47.851,
        "Actual Total Time": 48.077,
        "Actual Rows": 108,
        "Actual Loops": 1,
        "Group Key": ["perceel_ext.identificatie"],
        "Plans": [
          {
            "Node Type": "Gather Merge",
            "Parent Relationship": "Outer",
            "Parallel Aware": false,
            "Async Capable": false,
            "Startup Cost": 30348724.76,
            "Total Cost": 32066174.41,
            "Plan Rows": 14563938,
            "Plan Width": 8,
            "Actual Startup Time": 47.850,
            "Actual Total Time": 48.062,
            "Actual Rows": 120,
            "Actual Loops": 1,
            "Workers Planned": 2,
            "Workers Launched": 2,
            "Plans": [
              {
                "Node Type": "Group",
                "Parent Relationship": "Outer",
                "Parallel Aware": false,
                "Async Capable": false,
                "Startup Cost": 30347724.73,
                "Total Cost": 30384134.58,
                "Plan Rows": 7281969,
                "Plan Width": 8,
                "Actual Startup Time": 19.828,
                "Actual Total Time": 19.844,
                "Actual Rows": 40,
                "Actual Loops": 3,
                "Group Key": ["perceel_ext.identificatie"],
                "Workers": [
                ],
                "Plans": [
                  {
                    "Node Type": "Sort",
                    "Parent Relationship": "Outer",
                    "Parallel Aware": false,
                    "Async Capable": false,
                    "Startup Cost": 30347724.73,
                    "Total Cost": 30365929.65,
                    "Plan Rows": 7281969,
                    "Plan Width": 8,
                    "Actual Startup Time": 19.826,
                    "Actual Total Time": 19.831,
                    "Actual Rows": 63,
                    "Actual Loops": 3,
                    "Sort Key": ["perceel_ext.identificatie"],
                    "Sort Method": "quicksort",
                    "Sort Space Used": 25,
                    "Sort Space Type": "Memory",
                    "Workers": [
                      {
                        "Worker Number": 0,
                        "Sort Method": "quicksort",
                        "Sort Space Used": 25,
                        "Sort Space Type": "Memory"
                      },
                      {
                        "Worker Number": 1,
                        "Sort Method": "quicksort",
                        "Sort Space Used": 25,
                        "Sort Space Type": "Memory"
                      }
                    ],
                    "Plans": [
                      {
                        "Node Type": "Nested Loop",
                        "Parent Relationship": "Outer",
                        "Parallel Aware": false,
                        "Async Capable": false,
                        "Join Type": "Inner",
                        "Startup Cost": 38.00,
                        "Total Cost": 29318607.65,
                        "Plan Rows": 7281969,
                        "Plan Width": 8,
                        "Actual Startup Time": 0.688,
                        "Actual Total Time": 19.781,
                        "Actual Rows": 63,
                        "Actual Loops": 3,
                        "Inner Unique": false,
                        "Workers": [
                        ],
                        "Plans": [
                          {
                            "Node Type": "Bitmap Heap Scan",
                            "Parent Relationship": "Outer",
                            "Parallel Aware": true,
                            "Async Capable": false,
                            "Relation Name": "pand_ext",
                            "Alias": "pand_ext",
                            "Startup Cost": 37.58,
                            "Total Cost": 12270.76,
                            "Plan Rows": 1352,
                            "Plan Width": 201,
                            "Actual Startup Time": 0.099,
                            "Actual Total Time": 0.164,
                            "Actual Rows": 35,
                            "Actual Loops": 3,
                            "Recheck Cond": "((status)::text = 'Bouwvergunning verleend'::text)",
                            "Rows Removed by Index Recheck": 0,
                            "Exact Heap Blocks": 86,
                            "Lossy Heap Blocks": 0,
                            "Workers": [
                            ],
                            "Plans": [
                              {
                                "Node Type": "Bitmap Index Scan",
                                "Parent Relationship": "Outer",
                                "Parallel Aware": false,
                                "Async Capable": false,
                                "Index Name": "pand_ext_status_varchar_idx",
                                "Startup Cost": 0.00,
                                "Total Cost": 36.77,
                                "Plan Rows": 3245,
                                "Plan Width": 0,
                                "Actual Startup Time": 0.173,
                                "Actual Total Time": 0.173,
                                "Actual Rows": 106,
                                "Actual Loops": 1,
                                "Index Cond": "((status)::text = 'Bouwvergunning verleend'::text)",
                                "Workers": [
                                ]
                              }
                            ]
                          },
                          {
                            "Node Type": "Index Scan",
                            "Parent Relationship": "Inner",
                            "Parallel Aware": false,
                            "Async Capable": false,
                            "Scan Direction": "NoMovement",
                            "Index Name": "perceel_ext_begrenzingperceel_geom_idx",
                            "Relation Name": "perceel_ext",
                            "Alias": "perceel_ext",
                            "Startup Cost": 0.41,
                            "Total Cost": 21667.98,
                            "Plan Rows": 830,
                            "Plan Width": 298,
                            "Actual Startup Time": 0.455,
                            "Actual Total Time": 0.553,
                            "Actual Rows": 2,
                            "Actual Loops": 106,
                            "Index Cond": "(begrenzingperceel && pand_ext.geom)",
                            "Rows Removed by Index Recheck": 0,
                            "Filter": "st_intersects(begrenzingperceel, pand_ext.geom)",
                            "Rows Removed by Filter": 5,
                            "Workers": [
                            ]
                          }
                        ]
                      }
                    ]
                  }
                ]
              }
            ]
          }
        ]
      },
      "Planning Time": 1.272,
      "Triggers": [
      ],
      "Execution Time": 48.135
    }
  ]